<?xml version="1.0" encoding="UTF-8"?>
<!-- Generated by org.testng.reporters.JUnitReportReporter -->
<testsuite hostname="DESKTOP-BLSORP3" failures="0" tests="1" name="tests.DemoTest" time="26.044" errors="0" timestamp="2023-04-08T09:36:56 IST" skipped="0">
  <testcase classname="tests.DemoTest" name="login" time="26.044"/>
  <system-out/>
</testsuite> <!-- tests.DemoTest -->
