<?xml version="1.0" encoding="UTF-8"?>
<!-- Generated by org.testng.reporters.JUnitReportReporter -->
<testsuite hostname="DESKTOP-BLSORP3" failures="0" tests="1" name="tests.FirstTest" time="11.171" errors="0" timestamp="2023-04-04T00:35:36 IST" skipped="0">
  <testcase classname="tests.FirstTest" name="login" time="11.171"/>
  <system-out/>
</testsuite> <!-- tests.FirstTest -->
